0 info it worked if it ends with ok
1 verbose cli [ 'E:\\nodeJs\\node.exe',
1 verbose cli   'C:\\Users\\flyjennyetn\\AppData\\Roaming\\npm\\node_modules\\npm\\bin\\npm-cli.js',
1 verbose cli   'start' ]
2 info using npm@4.0.1
3 info using node@v7.4.0
4 verbose run-script [ 'prestart', 'start', 'poststart' ]
5 info lifecycle react@1.0.0~prestart: react@1.0.0
6 silly lifecycle react@1.0.0~prestart: no script for prestart, continuing
7 info lifecycle react@1.0.0~start: react@1.0.0
8 verbose lifecycle react@1.0.0~start: unsafe-perm in lifecycle true
9 verbose lifecycle react@1.0.0~start: PATH: C:\Users\flyjennyetn\AppData\Roaming\npm\node_modules\npm\bin\node-gyp-bin;C:\Users\flyjennyetn\Desktop\react-master\node_modules\.bin;C:\ProgramData\Oracle\Java\javapath;C:\Program Files (x86)\Intel\iCLS Client\;C:\Program Files\Intel\iCLS Client\;C:\WINDOWS\system32;C:\WINDOWS;C:\WINDOWS\System32\Wbem;C:\WINDOWS\System32\WindowsPowerShell\v1.0\;C:\Program Files\Intel\Intel(R) Management Engine Components\DAL;C:\Program Files (x86)\Intel\Intel(R) Management Engine Components\DAL;C:\Program Files\Intel\Intel(R) Management Engine Components\IPT;C:\Program Files (x86)\Intel\Intel(R) Management Engine Components\IPT;C:\Program Files\Intel\WiFi\bin\;C:\Program Files\Common Files\Intel\WirelessCommon\;D:\TortoiseSVN\bin;E:\nodejs\;D:\OpenVPN\bin;C:\Users\flyjennyetn\AppData\Roaming\npm;C:\adb;D:\TortoiseGit\bin;D:\android\Java\jdk1.8.0_102\bin;C:\Program Files (x86)\Windows Kits\8.1\Windows Performance Toolkit\;C:\Program Files\Microsoft SQL Server\110\Tools\Binn\;D:\android\sdk\platform-tools;D:\android\sdk\tools;D:\Git\cmd;C:\Python27;C:\Ruby23-x64\bin;C:\Users\flyjennyetn\AppData\Roaming\npm;D:\SSH Secure Shell
10 verbose lifecycle react@1.0.0~start: CWD: C:\Users\flyjennyetn\Desktop\react-master
11 silly lifecycle react@1.0.0~start: Args: [ '/d /s /c', 'npm-run-all --parallel open:src' ]
12 silly lifecycle react@1.0.0~start: Returned: code: 3221225786  signal: null
13 info lifecycle react@1.0.0~start: Failed to exec start script
14 verbose stack Error: react@1.0.0 start: `npm-run-all --parallel open:src`
14 verbose stack Exit status 3221225786
14 verbose stack     at EventEmitter.<anonymous> (C:\Users\flyjennyetn\AppData\Roaming\npm\node_modules\npm\lib\utils\lifecycle.js:279:16)
14 verbose stack     at emitTwo (events.js:106:13)
14 verbose stack     at EventEmitter.emit (events.js:191:7)
14 verbose stack     at ChildProcess.<anonymous> (C:\Users\flyjennyetn\AppData\Roaming\npm\node_modules\npm\lib\utils\spawn.js:40:14)
14 verbose stack     at emitTwo (events.js:106:13)
14 verbose stack     at ChildProcess.emit (events.js:191:7)
14 verbose stack     at maybeClose (internal/child_process.js:885:16)
14 verbose stack     at Process.ChildProcess._handle.onexit (internal/child_process.js:226:5)
15 verbose pkgid react@1.0.0
16 verbose cwd C:\Users\flyjennyetn\Desktop\react-master
17 error Windows_NT 10.0.10586
18 error argv "E:\\nodeJs\\node.exe" "C:\\Users\\flyjennyetn\\AppData\\Roaming\\npm\\node_modules\\npm\\bin\\npm-cli.js" "start"
19 error node v7.4.0
20 error npm  v4.0.1
21 error code ELIFECYCLE
22 error react@1.0.0 start: `npm-run-all --parallel open:src`
22 error Exit status 3221225786
23 error Failed at the react@1.0.0 start script 'npm-run-all --parallel open:src'.
23 error Make sure you have the latest version of node.js and npm installed.
23 error If you do, this is most likely a problem with the react package,
23 error not with npm itself.
23 error Tell the author that this fails on your system:
23 error     npm-run-all --parallel open:src
23 error You can get information on how to open an issue for this project with:
23 error     npm bugs react
23 error Or if that isn't available, you can get their info via:
23 error     npm owner ls react
23 error There is likely additional logging output above.
24 verbose exit [ 1, true ]
